configure:  -bindir | --bindir | --bindi | --bind | --bin | --bi)
configure:  -bindir=* | --bindir=* | --bindi=* | --bind=* | --bin=* | --bi=*)
configure:  -build | --build | --buil | --bui | --bu)
configure:  -build=* | --build=* | --buil=* | --bui=* | --bu=*)
configure:  -cache-file | --cache-file | --cache-fil | --cache-fi \
configure:  | --cache-f | --cache- | --cache | --cach | --cac | --ca | --c)
configure:  -cache-file=* | --cache-file=* | --cache-fil=* | --cache-fi=* \
configure:  | --cache-f=* | --cache-=* | --cache=* | --cach=* | --cac=* | --ca=* | --c=*)
configure:  --config-cache | -C)
configure:  -datadir | --datadir | --datadi | --datad | --data | --dat | --da)
configure:  -datadir=* | --datadir=* | --datadi=* | --datad=* | --data=* | --dat=* \
configure:  | --da=*)
configure:  -datarootdir | --datarootdir | --datarootdi | --datarootd | --dataroot \
configure:  | --dataroo | --dataro | --datar)
configure:  -datarootdir=* | --datarootdir=* | --datarootdi=* | --datarootd=* \
configure:  | --dataroot=* | --dataroo=* | --dataro=* | --datar=*)
configure:  -disable-* | --disable-*)
configure:  -enable-* | --enable-*)
configure:  -exec-prefix | --exec_prefix | --exec-prefix | --exec-prefi \
configure:  | --exec-pref | --exec-pre | --exec-pr | --exec-p | --exec- \
configure:  | --exec | --exe | --ex)
configure:  -exec-prefix=* | --exec_prefix=* | --exec-prefix=* | --exec-prefi=* \
configure:  | --exec-pref=* | --exec-pre=* | --exec-pr=* | --exec-p=* | --exec-=* \
configure:  | --exec=* | --exe=* | --ex=*)
configure:  -gas | --gas | --ga | --g)
configure:    # Obsolete; use --with-gas.
configure:  -help | --help | --hel | --he | -h)
configure:  -help=r* | --help=r* | --hel=r* | --he=r* | -hr*)
configure:  -help=s* | --help=s* | --hel=s* | --he=s* | -hs*)
configure:  -host | --host | --hos | --ho)
configure:  -host=* | --host=* | --hos=* | --ho=*)
configure:  -includedir | --includedir | --includedi | --included | --include \
configure:  | --includ | --inclu | --incl | --inc)
configure:  -includedir=* | --includedir=* | --includedi=* | --included=* | --include=* \
configure:  | --includ=* | --inclu=* | --incl=* | --inc=*)
configure:  -infodir | --infodir | --infodi | --infod | --info | --inf)
configure:  -infodir=* | --infodir=* | --infodi=* | --infod=* | --info=* | --inf=*)
configure:  -libdir | --libdir | --libdi | --libd)
configure:  -libdir=* | --libdir=* | --libdi=* | --libd=*)
configure:  -libexecdir | --libexecdir | --libexecdi | --libexecd | --libexec \
configure:  | --libexe | --libex | --libe)
configure:  -libexecdir=* | --libexecdir=* | --libexecdi=* | --libexecd=* | --libexec=* \
configure:  | --libexe=* | --libex=* | --libe=*)
configure:  -localstatedir | --localstatedir | --localstatedi | --localstated \
configure:  | --localstate | --localstat | --localsta | --localst \
configure:  | --locals | --local | --loca | --loc | --lo)
configure:  -localstatedir=* | --localstatedir=* | --localstatedi=* | --localstated=* \
configure:  | --localstate=* | --localstat=* | --localsta=* | --localst=* \
configure:  | --locals=* | --local=* | --loca=* | --loc=* | --lo=*)
configure:  -mandir | --mandir | --mandi | --mand | --man | --ma | --m)
configure:  -mandir=* | --mandir=* | --mandi=* | --mand=* | --man=* | --ma=* | --m=*)
configure:  -nfp | --nfp | --nf)
configure:    # Obsolete; use --without-fp.
configure:  -no-create | --no-create | --no-creat | --no-crea | --no-cre \
configure:  | --no-cr | --no-c)
configure:  -no-recursion | --no-recursion | --no-recursio | --no-recursi \
configure:  | --no-recurs | --no-recur | --no-recu | --no-rec | --no-re | --no-r)
configure:  -oldincludedir | --oldincludedir | --oldincludedi | --oldincluded \
configure:  | --oldinclude | --oldinclud | --oldinclu | --oldincl | --oldinc \
configure:  | --oldin | --oldi | --old | --ol | --o)
configure:  -oldincludedir=* | --oldincludedir=* | --oldincludedi=* | --oldincluded=* \
configure:  | --oldinclude=* | --oldinclud=* | --oldinclu=* | --oldincl=* | --oldinc=* \
configure:  | --oldin=* | --oldi=* | --old=* | --ol=* | --o=*)
configure:  -prefix | --prefix | --prefi | --pref | --pre | --pr | --p)
configure:  -prefix=* | --prefix=* | --prefi=* | --pref=* | --pre=* | --pr=* | --p=*)
configure:  -program-prefix | --program-prefix | --program-prefi | --program-pref \
configure:  | --program-pre | --program-pr | --program-p)
configure:  -program-prefix=* | --program-prefix=* | --program-prefi=* \
configure:  | --program-pref=* | --program-pre=* | --program-pr=* | --program-p=*)
configure:  -program-suffix | --program-suffix | --program-suffi | --program-suff \
configure:  | --program-suf | --program-su | --program-s)
configure:  -program-suffix=* | --program-suffix=* | --program-suffi=* \
configure:  | --program-suff=* | --program-suf=* | --program-su=* | --program-s=*)
configure:  -program-transform-name | --program-transform-name \
configure:  | --program-transform-nam | --program-transform-na \
configure:  | --program-transform-n | --program-transform- \
configure:  | --program-transform | --program-transfor \
configure:  | --program-transfo | --program-transf \
configure:  | --program-trans | --program-tran \
configure:  | --progr-tra | --program-tr | --program-t)
configure:  -program-transform-name=* | --program-transform-name=* \
configure:  | --program-transform-nam=* | --program-transform-na=* \
configure:  | --program-transform-n=* | --program-transform-=* \
configure:  | --program-transform=* | --program-transfor=* \
configure:  | --program-transfo=* | --program-transf=* \
configure:  | --program-trans=* | --program-tran=* \
configure:  | --progr-tra=* | --program-tr=* | --program-t=*)
configure:  -q | -quiet | --quiet | --quie | --qui | --qu | --q \
configure:  | -silent | --silent | --silen | --sile | --sil)
configure:  -sbindir | --sbindir | --sbindi | --sbind | --sbin | --sbi | --sb)
configure:  -sbindir=* | --sbindir=* | --sbindi=* | --sbind=* | --sbin=* \
configure:  | --sbi=* | --sb=*)
configure:  -sharedstatedir | --sharedstatedir | --sharedstatedi \
configure:  | --sharedstated | --sharedstate | --sharedstat | --sharedsta \
configure:  | --sharedst | --shareds | --shared | --share | --shar \
configure:  | --sha | --sh)
configure:  -sharedstatedir=* | --sharedstatedir=* | --sharedstatedi=* \
configure:  | --sharedstated=* | --sharedstate=* | --sharedstat=* | --sharedsta=* \
configure:  | --sharedst=* | --shareds=* | --shared=* | --share=* | --shar=* \
configure:  | --sha=* | --sh=*)
configure:  -site | --site | --sit)
configure:  -site=* | --site=* | --sit=*)
configure:  -srcdir | --srcdir | --srcdi | --srcd | --src | --sr)
configure:  -srcdir=* | --srcdir=* | --srcdi=* | --srcd=* | --src=* | --sr=*)
configure:  -sysconfdir | --sysconfdir | --sysconfdi | --sysconfd | --sysconf \
configure:  | --syscon | --sysco | --sysc | --sys | --sy)
configure:  -sysconfdir=* | --sysconfdir=* | --sysconfdi=* | --sysconfd=* | --sysconf=* \
configure:  | --syscon=* | --sysco=* | --sysc=* | --sys=* | --sy=*)
configure:  -target | --target | --targe | --targ | --tar | --ta | --t)
configure:  -target=* | --target=* | --targe=* | --targ=* | --tar=* | --ta=* | --t=*)
configure:  -v | -verbose | --verbose | --verbos | --verbo | --verb)
configure:  -version | --version | --versio | --versi | --vers | -V)
configure:  -with-* | --with-*)
configure:  -without-* | --without-*)
configure:  --x)
configure:    # Obsolete; use --with-x.
configure:  -x-includes | --x-includes | --x-include | --x-includ | --x-inclu \
configure:  | --x-incl | --x-inc | --x-in | --x-i)
configure:  -x-includes=* | --x-includes=* | --x-include=* | --x-includ=* | --x-inclu=* \
configure:  | --x-incl=* | --x-inc=* | --x-in=* | --x-i=*)
configure:  -x-libraries | --x-libraries | --x-librarie | --x-librari \
configure:  | --x-librar | --x-libra | --x-libr | --x-lib | --x-li | --x-l)
configure:  -x-libraries=* | --x-libraries=* | --x-librarie=* | --x-librari=* \
configure:  | --x-librar=* | --x-libra=* | --x-libr=* | --x-lib=* | --x-li=* | --x-l=*)
configure:Try \`$0 --help' for more information." >&2
configure:    echo "$as_me: WARNING: you should use --build, --host, --target" >&2
configure:  ac_option=--`echo $ac_prev | sed 's/_/-/g'`
configure:    *)  { echo "$as_me: error: expected an absolute path for --$ac_var: $ac_val" >&2
configure:    *)  { echo "$as_me: error: expected an absolute path for --$ac_var: $ac_val" >&2
configure:# used to hold the argument of --host etc.
configure:    echo "$as_me: WARNING: If you wanted to set the --build type, don't use --host.
configure:# Report the --help message.
configure:  -h, --help              display this help and exit
configure:      --help=short        display options specific to this package
configure:      --help=recursive    display the short help of all the included packages
configure:  -V, --version           display version information and exit
configure:  -q, --quiet, --silent   do not print \`checking...' messages
configure:      --cache-file=FILE   cache test results in FILE [disabled]
configure:  -C, --config-cache      alias for \`--cache-file=config.cache'
configure:  -n, --no-create         do not create output files
configure:      --srcdir=DIR        find the sources in DIR [configure dir or \`..']
configure:  --prefix=PREFIX         install architecture-independent files in PREFIX
configure:  --exec-prefix=EPREFIX   install architecture-dependent files in EPREFIX
configure:an installation prefix other than \`$ac_default_prefix' using \`--prefix',
configure:for instance \`--prefix=\$HOME'.
configure:  --bindir=DIR            user executables [EPREFIX/bin]
configure:  --sbindir=DIR           system admin executables [EPREFIX/sbin]
configure:  --libexecdir=DIR        program executables [EPREFIX/libexec]
configure:  --datarootdir=DIR       read-only architecture-independent data [PREFIX/share]
configure:  --datadir=DIR           read-only architecture-independent data [DATAROOTDIR]
configure:  --sysconfdir=DIR        read-only single-machine data [PREFIX/etc]
configure:  --sharedstatedir=DIR    modifiable architecture-independent data [PREFIX/com]
configure:  --localstatedir=DIR     modifiable single-machine data [PREFIX/var]
configure:  --libdir=DIR            object code libraries [EPREFIX/lib]
configure:  --includedir=DIR        C header files [PREFIX/include]
configure:  --oldincludedir=DIR     C header files for non-gcc [/usr/include]
configure:  --infodir=DIR           info documentation [DATAROOTDIR/info]
configure:  --mandir=DIR            man documentation [DATAROOTDIR/man]
configure:  --program-prefix=PREFIX            prepend PREFIX to installed program names
configure:  --program-suffix=SUFFIX            append SUFFIX to installed program names
configure:  --program-transform-name=PROGRAM   run sed PROGRAM on installed program names
configure:  --x-includes=DIR    X include files are in DIR
configure:  --x-libraries=DIR   X library files are in DIR
configure:  --build=BUILD           configure for building on BUILD [guessed]
configure:  --host=HOST       build programs to run on HOST [BUILD]
configure:  --target=TARGET   configure for building compilers for TARGET [HOST]
configure:  --with-PACKAGE[=ARG]    use PACKAGE [ARG=yes]
configure:  --without-PACKAGE       do not use PACKAGE (same as --with-PACKAGE=no)
configure:  --disable-FEATURE       do not include FEATURE (same as --enable-FEATURE=no)
configure:  --enable-FEATURE[=ARG]  include FEATURE [ARG=yes]
configure:  --with-system-type=XXX  test: override derived host system-type
configure:  --with-destdir=XXX      set DESTDIR destination for install (default: $DESTDIR)
configure:  --with-build-cc=XXX     the build C compiler ($BUILD_CC)
configure:  --with-build-cpp=XXX    the build C preprocessor ($BUILD_CPP)
configure:  --with-build-cflags=XXX the build C compiler-flags ($BUILD_CFLAGS)
configure:  --with-build-cppflags=XXX the build C preprocessor-flags ($BUILD_CPPFLAGS)
configure:  --with-build-ldflags=XXX the build linker-flags ($BUILD_LDFLAGS)
configure:  --with-build-libs=XXX   the build libraries (${BUILD_LIBS})
configure:  --disable-echo          do not display "compiling" commands
configure:  --enable-find-leaks     logic for testing memory leaks
configure:  --enable-debug          compile w/ debugging (if \$CFLAGS is set, add -g there, too)
configure:  --disable-trace         disable logic for trace code
configure:  --enable-vertrace       verbose trace code
configure:  --enable-warnings       GCC compiler warnings
configure:  --with-dbmalloc         test: use Conor Cahill's dbmalloc library
configure:  --with-dmalloc          test: use Gray Watson's dmalloc library
configure:  --disable-largefile     omit support for large files
configure:  --with-libiconv-prefix=DIR
configure:  --enable-nls            use Native Language Support
configure:  --with-included-gettext use the GNU gettext library included here
configure:  --with-textdomain=PKG   NLS text-domain (default is package name)
configure:  --disable-included-msgs use included messages, for i18n support
configure:  --with-nls-datadir=DIR  NLS data, parent of locale (default: PREFIX/DATADIR)
configure:  --disable-full-paths    control whether full utility pathnames are used
configure:  --with-nss-compat{=path}       link with nss_compat library if available
configure:  --with-ssl{=path}       link with ssl library if available
configure:  --with-gnutls{=path}    link with gnutls support
configure:  --enable-gnutls-compat  link with gnutls-openssl compat
configure:  --with-socks{=path}     link with socks library if available
configure:  --with-socks5{=path}    link with socks5 library if available
configure:  --with-pkg-config{=path} enable/disable use of pkg-config
configure:  --enable-ipv6           use ipv6 (with ipv4) support
configure:  --with-screen=XXX       select screen type (XXX is curses (default),
configure:  --with-curses-dir=DIR   directory in which (n)curses is installed
configure:  --enable-widec          enable wide-curses features
configure:  --disable-color-style   use color style (ncurses/curses)
configure:  --with-lss-file{=path}  specify the default style-sheet file
configure:  --with-cfg-file{=path}  specify the default configuration file
configure:  --with-cfg-path{=path}  specify the default configuration directories
configure:  --enable-htmlized-cfg   build htmlized lynx.cfg
configure:  --enable-local-docs     link local doc-directory to help-page
configure:  --with-mime-libdir=DIR  MIME data, mime.types and mailcap (default: /etc)
configure:  --disable-locale-charset use locale-charset selection logic
configure:  --with-charsets=list    limit charsets to given list of MIME names
configure:  --disable-bibp-urls     disable support for bibp: URLs
configure:  --disable-config-info   disable browsable configuration-info
configure:  --disable-forms-options disable forms-based options
configure:  --disable-menu-options  disable old-style option menu
configure:  --disable-sessions      use sessions code
configure:  --disable-session-cache use session-caching code
configure:  --disable-addrlist-page disable address-list page
configure:  --enable-cjk            use experimental CJK logic
configure:  --enable-japanese-utf8  use experimental Japanese UTF-8 logic
configure:  --enable-default-colors enable use of default-colors (ncurses/slang)
configure:  --enable-kbd-layout     use experimental keyboard-layout support
configure:  --enable-nested-tables  use experimental nested-table support
configure:  --disable-alt-bindings  disable alternative line-edit bindings
configure:  --disable-ascii-ctypes  disable use of ascii case-conversion
configure:  --disable-extended-dtd  disable extended HTML DTD logic
configure:  --disable-file-upload   disable file-upload support
configure:  --disable-idna          disable IDNA support
configure:  --disable-justify-elts  disable element-justification logic
configure:  --disable-partial       disable partial-display logic
configure:  --disable-persistent-cookies  disable persistent-cookie support
configure:  --disable-prettysrc     disable colorization of HTML source
configure:  --disable-progressbar   disable progress-bar
configure:  --disable-read-eta      disable read-progress message shows ETA
configure:  --disable-source-cache  do not cache HTML source for parse mode changes
configure:  --disable-scrollbar     disable scrollbar with mouse
configure:  --enable-charset-choice use charset-selection logic
configure:  --enable-externs        use external commands
configure:  --enable-font-switch    use Linux setfont for character-translation
configure:  --enable-cgi-links      support cgi links w/o a http daemon
configure:  --enable-change-exec    allow users to change exec options
configure:  --enable-exec-links     allow lynx to execute programs accessed via a link
configure:  --enable-exec-scripts   allow lynx to execute programs inferred from a link
configure:  --enable-internal-links handle following links to same doc differently
configure:  --enable-nsl-fork       fork NSL requests, allowing them to be aborted
configure:  --enable-syslog         log URL requests via syslog
configure:  --enable-underlines     underline links rather than using boldface
configure:  --enable-gzip-help      install gzip'ed help files
configure:  --with-bzlib            use libbz2 for decompression of some bzip2 files
configure:  --with-zlib             use zlib for decompression of some gzip files
configure:  --disable-finger        disable FINGER logic
configure:  --disable-gopher        disable GOPHER logic
configure:  --disable-news          disable NEWS logic
configure:  --disable-ftp           disable FTP logic
configure:  --enable-wais           enable WAIS logic
configure:  --disable-dired          disable optional directory-editor, DirEd
configure:  --disable-dired-dearchive disable dearchiving commands
configure:  --disable-dired-override disable DirEd override keymap
configure:  --disable-dired-permit  disable chmod/attrib commands
configure:  --disable-dired-xpermit disable chmod/attrib commands
configure:  --disable-dired-tar     disable "tar" command
configure:  --disable-dired-uudecode disable "uudecode" command
configure:  --disable-dired-zip     disable "zip", "unzip"  commands
configure:  --disable-dired-gzip    disable "gzip", "gunzip" commands
configure:  --disable-long-list     disable long "ls -l" directory listings
configure:  --disable-parent-dir-refs
configure:  --with-Xaw3d            link with Xaw 3d library
configure:  --with-Xaw3dxft         link with Xaw 3d xft library
configure:  --with-neXtaw           link with neXT Athena library
configure:  --with-XawPlus          link with Athena-Plus library
configure:  --with-x                use the X Window System
configure:  --disable-rpath-hack    don't add rpath options for additional libraries
configure:  # If there are subdirs, report their specific --help.
configure:    .) # No --srcdir option.  We are building in place.
configure:      $SHELL $ac_sub_srcdir/configure.gnu  --help=recursive
configure:      $SHELL $ac_sub_srcdir/configure  --help=recursive
configure:      $ac_configure --help
configure:## ---------- ##
configure:## ---------- ##
configure:## ------------ ##
configure:## ------------ ##
configure:# Strip out --no-create and --no-recursion so they do not pile up.
configure:  -no-create | --no-create | --no-creat | --no-crea | --no-cre \
configure:  | --no-cr | --no-c) ;;
configure:  -no-recursion | --no-recursion | --no-recursio | --no-recursi \
configure:  | --no-recurs | --no-recur | --no-recu | --no-rec | --no-re | --no-r) ;;
configure:  echo "## ----------------- ##" >&5
configure:  echo "## ----------------- ##" >&5
configure:    echo "## ------------ ##" >&5
configure:    echo "## ------------ ##" >&5
configure:# Check whether --with-system-type or --without-system-type was given.
configure:# Check whether --with-destdir or --without-destdir was given.
configure:{ (eval echo "$as_me:1632: \"$ac_compiler --version </dev/null >&5\"") >&5
configure:  (eval $ac_compiler --version </dev/null >&5) 2>&5
configure:          # FIXME: I believe we export ac_cv_exeext for Libtool --akim.
configure:If you meant to cross compile, use \`--host'." >&5
configure:If you meant to cross compile, use \`--host'." >&2;}
configure:	GCC_VERSION="`${CC} --version 2>/dev/null | sed -e '2,$d' -e 's/^.*(GCC[^)]*) //' -e 's/^.*(Debian[^)]*) //' -e 's/^[^0-9.]*//' -e 's/[^0-9.].*//'`"
configure:	    # program-specific install script used by HP pwplus--don't use.
configure:# Check whether --with-build-cc or --without-build-cc was given.
configure:# Check whether --with-build-cpp or --without-build-cpp was given.
configure:# Check whether --with-build-cflags or --without-build-cflags was given.
configure:# Check whether --with-build-cppflags or --without-build-cppflags was given.
configure:# Check whether --with-build-ldflags or --without-build-ldflags was given.
configure:# Check whether --with-build-libs or --without-build-libs was given.
configure:Use --with-build-cc to specify the native compiler." >&5
configure:Use --with-build-cc to specify the native compiler." >&2;}
configure:# Check whether --enable-echo or --disable-echo was given.
configure:	ECHO_LT='--silent'
configure:# Check whether --enable-find-leaks or --disable-find-leaks was given.
configure:# Check whether --enable-debug or --disable-debug was given.
configure:# Check whether --enable-trace or --disable-trace was given.
configure:# Check whether --enable-vertrace or --disable-vertrace was given.
configure:# Check whether --enable-warnings or --disable-warnings was given.
configure:# Check whether --with-dbmalloc or --without-dbmalloc was given.
configure:# Check whether --with-dmalloc or --without-dmalloc was given.
configure:# Check whether --enable-largefile or --disable-largefile was given.
configure:      if $ac_dir/$ac_word --no-translator --version /dev/null >/dev/null 2>&1; then
configure:# Check whether --with-libiconv-prefix or --without-libiconv-prefix was given.
configure:# Check whether --enable-nls or --disable-nls was given.
configure:# Check whether --with-included-gettext or --without-included-gettext was given.
configure:      if $ac_dir/$ac_word --statistics /dev/null >/dev/null 2>&1; then
configure:      if $ac_dir/$ac_word --omit-header /dev/null >/dev/null 2>&1; then
configure:      if $ac_dir/$ac_word --statistics /dev/null >/dev/null 2>&1; then
configure:      if $ac_dir/$ac_word --omit-header /dev/null >/dev/null 2>&1; then
configure:                  if $GMSGFMT --statistics /dev/null >/dev/null 2>&1; then
configure:                      if $XGETTEXT --omit-header /dev/null >/dev/null 2>&1; then
configure:      ac_prog_version=`$INTLBISON --version 2>&1 | sed -n 's/^.*GNU Bison.* \([0-9]*\.[0-9.]*\).*$/\1/p'`
configure:# Check whether --with-textdomain or --without-textdomain was given.
configure:# Check whether --enable-included-msgs or --disable-included-msgs was given.
configure:# Check whether --with-nls-datadir or --without-nls-datadir was given.
configure:# Check whether --enable-full-paths or --disable-full-paths was given.
configure:# Check whether --with-nss-compat or --without-nss-compat was given.
configure:# Check whether --with-ssl or --without-ssl was given.
configure:# Check whether --with-gnutls or --without-gnutls was given.
configure:# Check whether --enable-gnutls-compat or --disable-gnutls-compat was given.
configure:# Check whether --with-socks or --without-socks was given.
configure:# Check whether --with-socks5 or --without-socks5 was given.
configure:# Check whether --with-pkg-config or --without-pkg-config was given.
configure:				if "$PKG_CONFIG" --exists $cf_try_package ; then
configure:				cf_cflags_ssl=`$PKG_CONFIG --cflags $cf_cv_pkg_ssl`
configure:				cf_libs_ssl=`$PKG_CONFIG --libs $cf_cv_pkg_ssl`
configure:			if "$PKG_CONFIG" --exists $cf_pkg_gnutls ; then
configure:				cf_cflags_ssl=`$PKG_CONFIG --cflags $cf_pkg_gnutls`
configure:				cf_libs_ssl=`$PKG_CONFIG --libs $cf_pkg_gnutls`
configure:			if "$PKG_CONFIG" --exists $cf_pkg_gnutls ; then
configure:				cf_cflags_ssl=`$PKG_CONFIG --cflags $cf_pkg_gnutls`
configure:				cf_libs_ssl=`$PKG_CONFIG --libs $cf_pkg_gnutls`
configure:check=`pkg-config --version 2>/dev/null`
configure:	cf_ssl_library=`pkg-config --libs nss`
configure:	cf_ssl_cflags=`pkg-config --cflags nss`
configure:# Check whether --enable-ipv6 or --disable-ipv6 was given.
configure:or you can specify \"--disable-ipv6\"" >&5
configure:or you can specify \"--disable-ipv6\"" >&2;}
configure:# Check whether --with-screen or --without-screen was given.
configure:# Check whether --with-curses-dir or --without-curses-dir was given.
configure:	if "$PKG_CONFIG" --exists $cf_ncuconfig_root ; then
configure:		CPPFLAGS="$CPPFLAGS `$PKG_CONFIG --cflags $cf_ncuconfig_root`"
configure:cf_add_libs="`$PKG_CONFIG --libs $cf_ncuconfig_root`"
configure:		CPPFLAGS="$CPPFLAGS `$NCURSES_CONFIG --cflags`"
configure:cf_add_libs="`$NCURSES_CONFIG --libs`"
configure:				cf_cv_ncurses_version=`$NCURSES_CONFIG --version`
configure:	if "$PKG_CONFIG" --exists $cf_ncuconfig_root ; then
configure:		CPPFLAGS="$CPPFLAGS `$PKG_CONFIG --cflags $cf_ncuconfig_root`"
configure:cf_add_libs="`$PKG_CONFIG --libs $cf_ncuconfig_root`"
configure:		CPPFLAGS="$CPPFLAGS `$NCURSES_CONFIG --cflags`"
configure:cf_add_libs="`$NCURSES_CONFIG --libs`"
configure:				cf_cv_ncurses_version=`$NCURSES_CONFIG --version`
configure:# Check whether --enable-widec or --disable-widec was given.
configure:# Check whether --enable-color-style or --disable-color-style was given.
configure:# Check whether --with-lss-file or --without-lss-file was given.
configure:# Check whether --with-cfg-file or --without-cfg-file was given.
configure:# Check whether --with-cfg-path or --without-cfg-path was given.
configure:# Check whether --enable-htmlized-cfg or --disable-htmlized-cfg was given.
configure:# Check whether --enable-local-docs or --disable-local-docs was given.
configure:# Check whether --with-mime-libdir or --without-mime-libdir was given.
configure:# Check whether --enable-locale-charset or --disable-locale-charset was given.
configure:# Check whether --with-charsets or --without-charsets was given.
configure:# Check whether --enable-bibp-urls or --disable-bibp-urls was given.
configure:# Check whether --enable-config-info or --disable-config-info was given.
configure:# Check whether --enable-forms-options or --disable-forms-options was given.
configure:# Check whether --enable-menu-options or --disable-menu-options was given.
configure:# Check whether --enable-sessions or --disable-sessions was given.
configure:# Check whether --enable-session-cache or --disable-session-cache was given.
configure:# Check whether --enable-addrlist-page or --disable-addrlist-page was given.
configure:# Check whether --enable-cjk or --disable-cjk was given.
configure:# Check whether --enable-japanese-utf8 or --disable-japanese-utf8 was given.
configure:# Check whether --with-libiconv-prefix or --without-libiconv-prefix was given.
configure:# Check whether --enable-default-colors or --disable-default-colors was given.
configure:# Check whether --enable-kbd-layout or --disable-kbd-layout was given.
configure:# Check whether --enable-nested-tables or --disable-nested-tables was given.
configure:# Check whether --enable-alt-bindings or --disable-alt-bindings was given.
configure:# Check whether --enable-ascii-ctypes or --disable-ascii-ctypes was given.
configure:# Check whether --enable-extended-dtd or --disable-extended-dtd was given.
configure:# Check whether --enable-file-upload or --disable-file-upload was given.
configure:# Check whether --enable-idna or --disable-idna was given.
configure:# Check whether --enable-justify-elts or --disable-justify-elts was given.
configure:# Check whether --enable-partial or --disable-partial was given.
configure:# Check whether --enable-persistent-cookies or --disable-persistent-cookies was given.
configure:# Check whether --enable-prettysrc or --disable-prettysrc was given.
configure:# Check whether --enable-progressbar or --disable-progressbar was given.
configure:# Check whether --enable-read-eta or --disable-read-eta was given.
configure:# Check whether --enable-source-cache or --disable-source-cache was given.
configure:# Check whether --enable-scrollbar or --disable-scrollbar was given.
configure:# Check whether --enable-charset-choice or --disable-charset-choice was given.
configure:# Check whether --enable-externs or --disable-externs was given.
configure:# Check whether --enable-font-switch or --disable-font-switch was given.
configure:# Check whether --enable-cgi-links or --disable-cgi-links was given.
configure:# Check whether --enable-change-exec or --disable-change-exec was given.
configure:# Check whether --enable-exec-links or --disable-exec-links was given.
configure:# Check whether --enable-exec-scripts or --disable-exec-scripts was given.
configure:# Check whether --enable-internal-links or --disable-internal-links was given.
configure:# Check whether --enable-nsl-fork or --disable-nsl-fork was given.
configure:# Check whether --enable-syslog or --disable-syslog was given.
configure:# Check whether --enable-underlines or --disable-underlines was given.
configure:# Check whether --enable-gzip-help or --disable-gzip-help was given.
configure:# Check whether --with-bzlib or --without-bzlib was given.
configure:# Check whether --with-zlib or --without-zlib was given.
configure:# Check whether --enable-finger or --disable-finger was given.
configure:# Check whether --enable-gopher or --disable-gopher was given.
configure:# Check whether --enable-news or --disable-news was given.
configure:# Check whether --enable-ftp or --disable-ftp was given.
configure:# Check whether --enable-wais or --disable-wais was given.
configure:# Check whether --enable-dired or --disable-dired was given.
configure:# Check whether --enable-dired-dearchive or --disable-dired-dearchive was given.
configure:# Check whether --enable-dired-override or --disable-dired-override was given.
configure:# Check whether --enable-dired-permit or --disable-dired-permit was given.
configure:# Check whether --enable-dired-xpermit or --disable-dired-xpermit was given.
configure:# Check whether --enable-dired-tar or --disable-dired-tar was given.
configure:# Check whether --enable-dired-uudecode or --disable-dired-uudecode was given.
configure:# Check whether --enable-dired-zip or --disable-dired-zip was given.
configure:# Check whether --enable-dired-gzip or --disable-dired-gzip was given.
configure:# Check whether --enable-long-list or --disable-long-list was given.
configure:# Check whether --enable-parent-dir-refs or --disable-parent-dir-refs was given.
configure:# Check whether --with-x or --without-x was given.
configure:# Check whether --with-Xaw3d or --without-Xaw3d was given.
configure:# Check whether --with-Xaw3dxft or --without-Xaw3dxft was given.
configure:# Check whether --with-neXtaw or --without-neXtaw was given.
configure:# Check whether --with-XawPlus or --without-XawPlus was given.
configure:if test "$PKG_CONFIG" != none && "$PKG_CONFIG" --exists $cf_athena_pkg; then
configure:	cf_pkgconfig_incs="`$PKG_CONFIG --cflags $cf_athena_pkg 2>/dev/null`"
configure:	cf_pkgconfig_libs="`$PKG_CONFIG --libs   $cf_athena_pkg 2>/dev/null`"
configure:if test "$PKG_CONFIG" != none && "$PKG_CONFIG" --exists xmu; then
configure:	cf_pkgconfig_incs="`$PKG_CONFIG --cflags xmu 2>/dev/null`"
configure:	cf_pkgconfig_libs="`$PKG_CONFIG --libs   xmu 2>/dev/null`"
configure:if test "$PKG_CONFIG" != none && "$PKG_CONFIG" --exists Xext; then
configure:	cf_pkgconfig_incs="`$PKG_CONFIG --cflags Xext 2>/dev/null`"
configure:	cf_pkgconfig_libs="`$PKG_CONFIG --libs   Xext 2>/dev/null`"
configure:if test "$PKG_CONFIG" != none && "$PKG_CONFIG" --exists x11; then
configure:	cf_pkgconfig_incs="`$PKG_CONFIG --cflags x11 2>/dev/null`"
configure:	cf_pkgconfig_libs="`$PKG_CONFIG --libs   x11 2>/dev/null`"
configure:if test "$PKG_CONFIG" != none && "$PKG_CONFIG" --exists ice; then
configure:	cf_pkgconfig_incs="`$PKG_CONFIG --cflags ice 2>/dev/null`"
configure:	cf_pkgconfig_libs="`$PKG_CONFIG --libs   ice 2>/dev/null`"
configure:if test "$PKG_CONFIG" != none && "$PKG_CONFIG" --exists sm; then
configure:	cf_pkgconfig_incs="`$PKG_CONFIG --cflags sm 2>/dev/null`"
configure:	cf_pkgconfig_libs="`$PKG_CONFIG --libs   sm 2>/dev/null`"
configure:if test "$PKG_CONFIG" != none && "$PKG_CONFIG" --exists xt; then
configure:	cf_pkgconfig_incs="`$PKG_CONFIG --cflags xt 2>/dev/null`"
configure:	cf_pkgconfig_libs="`$PKG_CONFIG --libs   xt 2>/dev/null`"
configure:if test "$PKG_CONFIG" != none && "$PKG_CONFIG" --exists xt; then
configure:	cf_pkgconfig_incs="`$PKG_CONFIG --cflags xt 2>/dev/null`"
configure:	cf_pkgconfig_libs="`$PKG_CONFIG --libs   xt 2>/dev/null`"
configure:if test "$PKG_CONFIG" != none && "$PKG_CONFIG" --exists x11; then
configure:	cf_pkgconfig_incs="`$PKG_CONFIG --cflags x11 2>/dev/null`"
configure:	cf_pkgconfig_libs="`$PKG_CONFIG --libs   x11 2>/dev/null`"
configure:if test "$PKG_CONFIG" != none && "$PKG_CONFIG" --exists ice; then
configure:	cf_pkgconfig_incs="`$PKG_CONFIG --cflags ice 2>/dev/null`"
configure:	cf_pkgconfig_libs="`$PKG_CONFIG --libs   ice 2>/dev/null`"
configure:if test "$PKG_CONFIG" != none && "$PKG_CONFIG" --exists sm; then
configure:	cf_pkgconfig_incs="`$PKG_CONFIG --cflags sm 2>/dev/null`"
configure:	cf_pkgconfig_libs="`$PKG_CONFIG --libs   sm 2>/dev/null`"
configure:CPPFLAGS="$CPPFLAGS `$XCURSES_CONFIG --cflags`"
configure:cf_add_libs="`$XCURSES_CONFIG --libs`"
configure: * termios.h -- it's only in termio.h and ptem.h
configure:# Check whether --enable-rpath-hack or --disable-rpath-hack was given.
configure:# scripts and configure runs, see configure's option --config-cache.
configure:# the --recheck option to rerun configure.
configure:  -h, --help       print this help, then exit
configure:  -V, --version    print version number, then exit
configure:  -d, --debug      don't remove temporary files
configure:      --recheck    update $as_me by reconfiguring in the same conditions
configure:  --file=FILE[:TEMPLATE]
configure:  --header=FILE[:TEMPLATE]
configure:  --*=*)
configure:  -recheck | --recheck | --rechec | --reche | --rech | --rec | --re | --r)
configure:    echo "running $SHELL $0 " $ac_configure_args " --no-create --no-recursion"
configure:    exec $SHELL $0 $ac_configure_args --no-create --no-recursion ;;
configure:  --version | --vers* | -V )
configure:  --he | --h)
configure:    # Conflict between --help and --header
configure:Try \`$0 --help' for more information." >&5
configure:Try \`$0 --help' for more information." >&2;}
configure:  --help | --hel | -h )
configure:  --debug | --d* | -d )
configure:  --file | --fil | --fi | --f )
configure:  --header | --heade | --head | --hea )
configure:Try \`$0 --help' for more information." >&5
configure:Try \`$0 --help' for more information." >&2;}
configure:## ----------------------- ##
configure:## ----------------------- ##
configure.in:dnl ---------------------------------------------------------------------------
configure.in:dnl ---------------------------------------------------------------------------
configure.in:[  --with-system-type=XXX  test: override derived host system-type],
configure.in:[  --with-destdir=XXX      set DESTDIR destination for install],
configure.in:dnl --------------------------------------------------------------------------
configure.in:dnl --------------------------------------------------------------------------
configure.in:dnl --------------------------------------------------------------------------
configure.in:dnl --------------------------------------------------------------------------
configure.in:	[  --enable-find-leaks     logic for testing memory leaks],
configure.in:	[  --enable-debug          compile w/ debugging (if \$CFLAGS is set, add -g there, too)],
configure.in:	[  --disable-trace         disable logic for trace code],
configure.in:	[  --enable-vertrace       verbose trace code],
configure.in:	[  --enable-warnings       GCC compiler warnings],
configure.in:dnl --------------------------------------------------------------------------
configure.in:dnl --------------------------------------------------------------------------
configure.in:dnl --------------------------------------------------------------------------
configure.in:dnl --------------------------------------------------------------------------
configure.in:dnl --------------------------------------------------------------------------
configure.in:dnl --------------------------------------------------------------------------
configure.in:		[$ac_dir/$ac_word --no-translator --version /dev/null >/dev/null 2>&1], :)
configure.in:[  --with-nls-datadir=DIR  NLS data, parent of locale],
configure.in:dnl --------------------------------------------------------------------------
configure.in:	[  --disable-full-paths    control whether full utility pathnames are used],
configure.in:dnl --------------------------------------------------------------------------
configure.in:dnl --------------------------------------------------------------------------
configure.in:dnl --------------------------------------------------------------------------
configure.in:	[  --with-nss-compat{=path}       link with nss_compat library if available],
configure.in:	[  --with-ssl{=path}       link with ssl library if available],
configure.in:	[  --with-gnutls{=path}    link with gnutls support],
configure.in:	[  --enable-gnutls-compat  link with gnutls-openssl compat],
configure.in:	[  --with-socks{=path}     link with socks library if available],
configure.in:	[  --with-socks5{=path}    link with socks5 library if available],
configure.in:dnl --------------------------------------------------------------------------
configure.in:[  --enable-ipv6           use ipv6 (with ipv4) support],
configure.in:dnl --------------------------------------------------------------------------
configure.in:[  --with-screen=XXX       select screen type (XXX is curses (default),
configure.in:[  --enable-widec          enable wide-curses features],
configure.in:[  --disable-color-style   use color style (ncurses/curses)],
configure.in:[  --with-lss-file{=path}  specify the default style-sheet file
configure.in:dnl --------------------------------------------------------------------------
configure.in:[  --with-cfg-file{=path}  specify the default configuration file
configure.in:dnl --------------------------------------------------------------------------
configure.in:[  --with-cfg-path{=path}  specify the default configuration directories
configure.in:dnl --------------------------------------------------------------------------
configure.in:[  --enable-htmlized-cfg   build htmlized lynx.cfg],
configure.in:dnl --------------------------------------------------------------------------
configure.in:[  --enable-local-docs     link local doc-directory to help-page],
configure.in:dnl --------------------------------------------------------------------------
configure.in:[  --with-mime-libdir=DIR  MIME data, mime.types and mailcap],
configure.in:dnl --------------------------------------------------------------------------
configure.in:[  --disable-locale-charset use locale-charset selection logic],
configure.in:dnl --------------------------------------------------------------------------
configure.in:dnl --------------------------------------------------------------------------
configure.in:[  --with-charsets=list    limit charsets to given list of MIME names],
configure.in:dnl --------------------------------------------------------------------------
configure.in:dnl --------------------------------------------------------------------------
configure.in:dnl --------------------------------------------------------------------------
configure.in:dnl --------------------------------------------------------------------------
configure.in:dnl --------------------------------------------------------------------------
configure.in:dnl --------------------------------------------------------------------------
configure.in:dnl --------------------------------------------------------------------------
configure.in:dnl --------------------------------------------------------------------------
configure.in:dnl --------------------------------------------------------------------------
configure.in:[  --disable-bibp-urls     disable support for bibp: URLs],
configure.in:dnl --------------------------------------------------------------------------
configure.in:[  --disable-config-info   disable browsable configuration-info],
configure.in:dnl --------------------------------------------------------------------------
configure.in:[  --disable-forms-options disable forms-based options],
configure.in:dnl --------------------------------------------------------------------------
configure.in:[  --disable-menu-options  disable old-style option menu],
configure.in:dnl --------------------------------------------------------------------------
configure.in:[  --disable-sessions      use sessions code],
configure.in:dnl --------------------------------------------------------------------------
configure.in:[  --disable-session-cache use session-caching code],
configure.in:dnl --------------------------------------------------------------------------
configure.in:[  --disable-addrlist-page disable address-list page],
configure.in:dnl --------------------------------------------------------------------------
configure.in:[  --enable-cjk            use experimental CJK logic],
configure.in:dnl --------------------------------------------------------------------------
configure.in:[  --enable-japanese-utf8  use experimental Japanese UTF-8 logic],
configure.in:dnl --------------------------------------------------------------------------
configure.in:[  --enable-default-colors enable use of default-colors (ncurses/slang)],
configure.in:dnl --------------------------------------------------------------------------
configure.in:[  --enable-kbd-layout     use experimental keyboard-layout support],
configure.in:dnl --------------------------------------------------------------------------
configure.in:[  --enable-nested-tables  use experimental nested-table support],
configure.in:dnl --------------------------------------------------------------------------
configure.in:dnl --------------------------------------------------------------------------
configure.in:dnl --------------------------------------------------------------------------
configure.in:[  --disable-alt-bindings  disable alternative line-edit bindings],
configure.in:dnl --------------------------------------------------------------------------
configure.in:[  --disable-ascii-ctypes  disable use of ascii case-conversion],
configure.in:dnl --------------------------------------------------------------------------
configure.in:[  --disable-extended-dtd  disable extended HTML DTD logic],
configure.in:dnl --------------------------------------------------------------------------
configure.in:[  --disable-file-upload   disable file-upload support],
configure.in:dnl --------------------------------------------------------------------------
configure.in:[  --disable-idna          disable IDNA support],
configure.in:dnl --------------------------------------------------------------------------
configure.in:[  --disable-justify-elts  disable element-justification logic],
configure.in:dnl --------------------------------------------------------------------------
configure.in:[  --disable-partial       disable partial-display logic],
configure.in:dnl --------------------------------------------------------------------------
configure.in:[  --disable-persistent-cookies  disable persistent-cookie support],
configure.in:dnl --------------------------------------------------------------------------
configure.in:[  --disable-prettysrc     disable colorization of HTML source],
configure.in:dnl --------------------------------------------------------------------------
configure.in:[  --disable-progressbar   disable progress-bar],
configure.in:dnl --------------------------------------------------------------------------
configure.in:[  --disable-read-eta      disable read-progress message shows ETA],
configure.in:dnl --------------------------------------------------------------------------
configure.in:[  --disable-source-cache  do not cache HTML source for parse mode changes],
configure.in:dnl --------------------------------------------------------------------------
configure.in:[  --disable-scrollbar     disable scrollbar with mouse],
configure.in:dnl --------------------------------------------------------------------------
configure.in:[  --enable-charset-choice use charset-selection logic],
configure.in:dnl --------------------------------------------------------------------------
configure.in:[  --enable-externs        use external commands],
configure.in:dnl --------------------------------------------------------------------------
configure.in:[  --enable-font-switch    use Linux setfont for character-translation],
configure.in:dnl --------------------------------------------------------------------------
configure.in:[  --enable-cgi-links      support cgi links w/o a http daemon],
configure.in:dnl --------------------------------------------------------------------------
configure.in:[  --enable-change-exec    allow users to change exec options],
configure.in:dnl --------------------------------------------------------------------------
configure.in:[  --enable-exec-links     allow lynx to execute programs accessed via a link],
configure.in:dnl --------------------------------------------------------------------------
configure.in:[  --enable-exec-scripts   allow lynx to execute programs inferred from a link],
configure.in:dnl --------------------------------------------------------------------------
configure.in:[  --enable-internal-links handle following links to same doc differently],
configure.in:dnl --------------------------------------------------------------------------
configure.in:[  --enable-nsl-fork       fork NSL requests, allowing them to be aborted],
configure.in:dnl --------------------------------------------------------------------------
configure.in:[  --enable-syslog         log URL requests via syslog],
configure.in:dnl --------------------------------------------------------------------------
configure.in:[  --enable-underlines     underline links rather than using boldface],
configure.in:dnl --------------------------------------------------------------------------
configure.in:[  --enable-gzip-help      install gzip'ed help files],
configure.in:dnl --------------------------------------------------------------------------
configure.in:[  --with-bzlib            use libbz2 for decompression of some bzip2 files],
configure.in:dnl --------------------------------------------------------------------------
configure.in:[  --with-zlib             use zlib for decompression of some gzip files],
configure.in:dnl --------------------------------------------------------------------------
configure.in:dnl --------------------------------------------------------------------------
configure.in:[  --disable-finger        disable FINGER logic],
configure.in:dnl --------------------------------------------------------------------------
configure.in:[  --disable-gopher        disable GOPHER logic],
configure.in:dnl --------------------------------------------------------------------------
configure.in:[  --disable-news          disable NEWS logic],
configure.in:dnl --------------------------------------------------------------------------
configure.in:[  --disable-ftp           disable FTP logic],
configure.in:dnl --------------------------------------------------------------------------
configure.in:[  --enable-wais           enable WAIS logic],
configure.in:dnl --------------------------------------------------------------------------
configure.in:dnl --------------------------------------------------------------------------
configure.in:[  --disable-dired          disable optional directory-editor, DirEd],
configure.in:	[  --disable-dired-dearchive disable dearchiving commands],[AC_DEFINE(ARCHIVE_ONLY,1,[Define to 1 if you wish to allow extracting from archives via DirEd])])
configure.in:	[  --disable-dired-override disable DirEd override keymap],,[AC_DEFINE(OK_OVERRIDE,1,[Define to 1 if DirEd mode should override keys])])
configure.in:	[  --disable-dired-permit  disable chmod/attrib commands],,[AC_DEFINE(OK_PERMIT,1,[Define to 1 if you wish to allow permissions commands via DirEd])])
configure.in:	[  --disable-dired-xpermit disable chmod/attrib commands],[AC_DEFINE(NO_CHANGE_EXECUTE_PERMS,1,[Define to 1 if you wish to allow executable-permission commands via DirEd])])
configure.in:	[  --disable-dired-tar     disable "tar" command],,[AC_DEFINE(OK_TAR,1,[Define to 1 if if you wish to allow "tar" commands from DirEd])])
configure.in:	[  --disable-dired-uudecode disable "uudecode" command],,[AC_DEFINE(OK_UUDECODE,1,[Define to 1 if you wish to allow "uudecode" commands from DirEd])])
configure.in:	[  --disable-dired-zip     disable "zip", "unzip"  commands],,[AC_DEFINE(OK_ZIP,1,[Define to 1 if you wish to allow "zip" and "unzip" commands from DirEd])])
configure.in:	[  --disable-dired-gzip    disable "gzip", "gunzip" commands],,[AC_DEFINE(OK_GZIP,1,[Define to 1 if you wish to allow "gzip" and "gunzip" commands from DirEd])])
configure.in:dnl --------------------------------------------------------------------------
configure.in:[  --disable-long-list     disable long "ls -l" directory listings],,
configure.in:dnl --------------------------------------------------------------------------
configure.in:[  --disable-parent-dir-refs
configure.in:dnl --------------------------------------------------------------------------
configure.in:dnl --------------------------------------------------------------------------
configure.in:dnl --------------------------------------------------------------------------
